<?xml version="1.0" encoding="UTF-8"?>
<!-- Generated by org.testng.reporters.JUnitReportReporter -->
<testsuite skipped="0" hostname="QT-INNO-LT1451" name="org.testing.testScripts.TC3_GetAll" tests="1" failures="0" timestamp="2022-01-22T01:57:02 IST" time="0.049" errors="0">
  <testcase name="testCase3" time="0.049" classname="org.testing.testScripts.TC3_GetAll"/>
  <system-out/>
</testsuite> <!-- org.testing.testScripts.TC3_GetAll -->
