<?xml version="1.0" encoding="UTF-8"?>
<!-- Generated by org.testng.reporters.JUnitReportReporter -->
<testsuite skipped="0" hostname="QT-INNO-LT1451" name="org.testing.testScripts.TC2_GetData" tests="1" failures="0" timestamp="2022-01-22T01:57:02 IST" time="0.074" errors="0">
  <testcase name="testCase2" time="0.074" classname="org.testing.testScripts.TC2_GetData"/>
  <system-out/>
</testsuite> <!-- org.testing.testScripts.TC2_GetData -->
