<?xml version="1.0" encoding="UTF-8"?>
<!-- Generated by org.testng.reporters.JUnitReportReporter -->
<testsuite skipped="0" hostname="QT-INNO-LT1451" name="org.testing.testScripts.TC5_DeleteARecord" tests="1" failures="0" timestamp="2022-01-22T01:57:02 IST" time="0.048" errors="0">
  <testcase name="testCase5" time="0.048" classname="org.testing.testScripts.TC5_DeleteARecord"/>
  <system-out/>
</testsuite> <!-- org.testing.testScripts.TC5_DeleteARecord -->
